TN:
SF:/Users/Niall/Training/DesignPatterns/C++11/dp11-303/dp11-303-exercises/solutions/exercise-1/src/Event.cpp
FN:3,_ZN5EventC2ENS_4TypeE
FN:3,_ZN5EventC1ENS_4TypeE
FN:18,_ZN12_GLOBAL__N_18asStringEN5Event4TypeE
FN:25,_ZNK5Event12typeAsStringEv
FN:31,_ZNK5Event4typeEv
FN:40,__cxx_global_var_init.1
FN:40,_ZL20_DOCTEST_ANON_FUNC_2v
FN:50,__cxx_global_var_init.4
FN:50,_ZL20_DOCTEST_ANON_FUNC_6v
FN:60,__cxx_global_var_init.6
FN:60,_ZL21_DOCTEST_ANON_FUNC_10v
FN:70,__cxx_global_var_init.8
FN:70,_ZL21_DOCTEST_ANON_FUNC_14v
FNDA:2,_ZL20_DOCTEST_ANON_FUNC_6v
FNDA:6,_ZN5EventC1ENS_4TypeE
FNDA:2,_ZL21_DOCTEST_ANON_FUNC_10v
FNDA:2,_ZL21_DOCTEST_ANON_FUNC_14v
FNDA:1,__cxx_global_var_init.6
FNDA:4,_ZNK5Event4typeEv
FNDA:6,_ZN5EventC2ENS_4TypeE
FNDA:4,_ZN12_GLOBAL__N_18asStringEN5Event4TypeE
FNDA:1,__cxx_global_var_init.4
FNDA:2,_ZL20_DOCTEST_ANON_FUNC_2v
FNDA:1,__cxx_global_var_init.8
FNDA:1,__cxx_global_var_init.1
FNDA:4,_ZNK5Event12typeAsStringEv
FNF:13
FNH:13
DA:3,0
DA:4,6
DA:5,6
DA:6,6
DA:18,0
DA:20,4
DA:25,0
DA:27,4
DA:31,0
DA:33,4
DA:40,1
DA:41,2
DA:42,2
DA:43,1
DA:44,1
DA:45,2
DA:46,1
DA:47,1
DA:48,2
DA:50,1
DA:51,2
DA:52,2
DA:53,1
DA:54,1
DA:55,2
DA:56,1
DA:57,1
DA:58,2
DA:60,1
DA:61,2
DA:62,2
DA:63,1
DA:64,1
DA:65,2
DA:66,1
DA:67,1
DA:68,2
DA:70,1
DA:71,2
DA:72,2
DA:73,1
DA:74,1
DA:75,2
DA:76,1
DA:77,1
DA:78,2
LF:46
LH:42
end_of_record
TN:
SF:/Users/Niall/Training/DesignPatterns/C++11/dp11-303/dp11-303-exercises/solutions/exercise-1/src/Event.h
FN:12,_ZN5EventC2Ev
FN:12,_ZN5EventC1Ev
FNDA:2,_ZN5EventC2Ev
FNDA:2,_ZN5EventC1Ev
FNF:2
FNH:2
DA:12,2
DA:19,2
LF:2
LH:2
end_of_record
TN:
SF:/Users/Niall/Training/DesignPatterns/C++11/dp11-303/dp11-303-exercises/solutions/exercise-1/src/main.cpp
FN:8,main
FNDA:0,main
FNF:1
FNH:0
DA:8,0
DA:10,0
DA:11,0
DA:13,0
DA:14,0
DA:15,0
LF:6
LH:0
end_of_record
