TN:
SF:/Users/Niall/Training/DesignPatterns/C++11/dp11-303/dp11-303-exercises/solutions/exercise-5/src/Display.cpp
FN:9,_ZN7DisplayclEv
FNDA:0,_ZN7DisplayclEv
FNF:1
FNH:0
DA:9,0
DA:11,0
DA:12,0
DA:13,0
DA:14,0
DA:15,0
DA:16,0
DA:17,0
DA:19,0
DA:20,0
LF:10
LH:0
end_of_record
TN:
SF:/Users/Niall/Training/DesignPatterns/C++11/dp11-303/dp11-303-exercises/solutions/exercise-5/src/Display.h
FN:13,_ZN7DisplayC1ER4Pipe
FN:13,_ZN7DisplayC2ER4Pipe
FNDA:0,_ZN7DisplayC2ER4Pipe
FNDA:0,_ZN7DisplayC1ER4Pipe
FNF:2
FNH:0
DA:13,0
LF:1
LH:0
end_of_record
TN:
SF:/Users/Niall/Training/DesignPatterns/C++11/dp11-303/dp11-303-exercises/solutions/exercise-5/src/Event.cpp
FN:3,_ZN5EventC1ENS_4TypeE
FN:3,_ZN5EventC2ENS_4TypeE
FN:19,_ZN12_GLOBAL__N_18asStringEN5Event4TypeE
FN:26,_ZNK5Event12typeAsStringEv
FN:32,_ZNK5Event4typeEv
FN:41,_ZL20_DOCTEST_ANON_FUNC_2v
FN:41,__cxx_global_var_init.1
FN:51,__cxx_global_var_init.4
FN:51,_ZL20_DOCTEST_ANON_FUNC_6v
FN:61,_ZL21_DOCTEST_ANON_FUNC_10v
FN:61,__cxx_global_var_init.6
FN:71,__cxx_global_var_init.8
FN:71,_ZL21_DOCTEST_ANON_FUNC_14v
FNDA:1,__cxx_global_var_init.4
FNDA:1,__cxx_global_var_init.8
FNDA:14,_ZN5EventC1ENS_4TypeE
FNDA:2,_ZL21_DOCTEST_ANON_FUNC_14v
FNDA:14,_ZN5EventC2ENS_4TypeE
FNDA:2,_ZL21_DOCTEST_ANON_FUNC_10v
FNDA:1,__cxx_global_var_init.6
FNDA:2,_ZL20_DOCTEST_ANON_FUNC_6v
FNDA:4,_ZN12_GLOBAL__N_18asStringEN5Event4TypeE
FNDA:2,_ZL20_DOCTEST_ANON_FUNC_2v
FNDA:1,__cxx_global_var_init.1
FNDA:4,_ZNK5Event12typeAsStringEv
FNDA:14,_ZNK5Event4typeEv
FNF:13
FNH:13
DA:3,0
DA:4,14
DA:5,14
DA:6,14
DA:19,0
DA:21,4
DA:26,0
DA:28,4
DA:32,0
DA:34,14
DA:41,1
DA:42,2
DA:43,2
DA:44,1
DA:45,1
DA:46,2
DA:47,1
DA:48,1
DA:49,2
DA:51,1
DA:52,2
DA:53,2
DA:54,1
DA:55,1
DA:56,2
DA:57,1
DA:58,1
DA:59,2
DA:61,1
DA:62,2
DA:63,2
DA:64,1
DA:65,1
DA:66,2
DA:67,1
DA:68,1
DA:69,2
DA:71,1
DA:72,2
DA:73,2
DA:74,1
DA:75,1
DA:76,2
DA:77,1
DA:78,1
DA:79,2
LF:46
LH:42
end_of_record
TN:
SF:/Users/Niall/Training/DesignPatterns/C++11/dp11-303/dp11-303-exercises/solutions/exercise-5/src/Event.h
FN:13,_ZN5EventC1Ev
FN:13,_ZN5EventC2Ev
FNDA:2,_ZN5EventC2Ev
FNDA:2,_ZN5EventC1Ev
FNF:2
FNH:2
DA:13,2
DA:20,2
LF:2
LH:2
end_of_record
TN:
SF:/Users/Niall/Training/DesignPatterns/C++11/dp11-303/dp11-303-exercises/solutions/exercise-5/src/Generator.cpp
FN:8,_ZN9GeneratorclEv
FNDA:0,_ZN9GeneratorclEv
FNF:1
FNH:0
DA:8,0
DA:10,0
DA:11,0
DA:12,0
DA:15,0
DA:19,0
DA:20,0
DA:24,0
DA:25,0
DA:30,0
DA:31,0
DA:34,0
DA:35,0
LF:13
LH:0
end_of_record
TN:
SF:/Users/Niall/Training/DesignPatterns/C++11/dp11-303/dp11-303-exercises/solutions/exercise-5/src/Generator.h
FN:13,_ZN9GeneratorC1ER4Pipe
FN:13,_ZN9GeneratorC2ER4Pipe
FNDA:0,_ZN9GeneratorC1ER4Pipe
FNDA:0,_ZN9GeneratorC2ER4Pipe
FNF:2
FNH:0
DA:13,0
LF:1
LH:0
end_of_record
TN:
SF:/Users/Niall/Training/DesignPatterns/C++11/dp11-303/dp11-303-exercises/solutions/exercise-5/src/LowPass.cpp
FN:8,_ZN7LowPassC1ER4PipeS1_N5Event4TypeE
FN:8,_ZN7LowPassC2ER4PipeS1_N5Event4TypeE
FN:17,_ZN7LowPassclEv
FN:36,_ZL20_DOCTEST_ANON_FUNC_2v
FN:36,__cxx_global_var_init.3
FN:44,__cxx_global_var_init.6
FN:44,_ZL20_DOCTEST_ANON_FUNC_4v
FN:55,_ZL20_DOCTEST_ANON_FUNC_6v
FN:55,__cxx_global_var_init.8
FNDA:1,__cxx_global_var_init.3
FNDA:1,__cxx_global_var_init.8
FNDA:1,__cxx_global_var_init.6
FNDA:1,_ZL20_DOCTEST_ANON_FUNC_6v
FNDA:1,_ZL20_DOCTEST_ANON_FUNC_4v
FNDA:3,_ZN7LowPassclEv
FNDA:3,_ZN7LowPassC2ER4PipeS1_N5Event4TypeE
FNDA:3,_ZN7LowPassC1ER4PipeS1_N5Event4TypeE
FNDA:1,_ZL20_DOCTEST_ANON_FUNC_2v
FNF:9
FNH:9
DA:8,0
DA:9,3
DA:10,3
DA:11,3
DA:12,3
DA:14,3
DA:17,0
DA:19,3
DA:20,3
DA:21,3
DA:22,3
DA:23,3
DA:24,2
DA:25,1
DA:26,1
DA:27,1
DA:28,2
DA:29,3
DA:30,3
DA:36,1
DA:37,1
DA:38,1
DA:39,1
DA:40,1
DA:41,1
DA:42,1
DA:44,1
DA:45,1
DA:46,1
DA:47,1
DA:48,1
DA:49,1
DA:50,1
DA:51,1
DA:52,1
DA:53,1
DA:55,1
DA:56,1
DA:57,1
DA:58,1
DA:59,1
DA:60,1
DA:61,1
DA:62,1
DA:63,1
DA:64,1
LF:46
LH:44
end_of_record
TN:
SF:/Users/Niall/Training/DesignPatterns/C++11/dp11-303/dp11-303-exercises/solutions/exercise-5/src/Pipe.cpp
FN:6,_ZN4Pipe4pushENSt3__110unique_ptrI5EventNS0_14default_deleteIS2_EEEE
FN:16,_ZN4Pipe4pullEv
FN:31,_ZL20_DOCTEST_ANON_FUNC_2v
FN:31,__cxx_global_var_init.1
FN:37,__cxx_global_var_init.4
FN:37,_ZL20_DOCTEST_ANON_FUNC_4v
FN:44,_ZL20_DOCTEST_ANON_FUNC_6v
FN:44,__cxx_global_var_init.6
FN:53,__cxx_global_var_init.8
FN:53,_ZL20_DOCTEST_ANON_FUNC_8v
FN:65,_ZL21_DOCTEST_ANON_FUNC_10v
FN:65,__cxx_global_var_init.10
FNDA:14,_ZN4Pipe4pullEv
FNDA:1,__cxx_global_var_init.10
FNDA:1,_ZL20_DOCTEST_ANON_FUNC_2v
FNDA:1,__cxx_global_var_init.1
FNDA:9,_ZN4Pipe4pushENSt3__110unique_ptrI5EventNS0_14default_deleteIS2_EEEE
FNDA:1,__cxx_global_var_init.8
FNDA:1,__cxx_global_var_init.4
FNDA:1,_ZL20_DOCTEST_ANON_FUNC_8v
FNDA:1,_ZL20_DOCTEST_ANON_FUNC_6v
FNDA:1,_ZL20_DOCTEST_ANON_FUNC_4v
FNDA:1,__cxx_global_var_init.6
FNDA:1,_ZL21_DOCTEST_ANON_FUNC_10v
FNF:12
FNH:12
DA:6,0
DA:8,9
DA:9,9
DA:10,9
DA:11,0
DA:12,0
DA:13,9
DA:14,9
DA:16,0
DA:18,14
DA:19,14
DA:20,9
DA:21,9
DA:22,0
DA:23,0
DA:24,9
DA:25,14
DA:26,14
DA:31,1
DA:32,1
DA:33,1
DA:34,1
DA:35,1
DA:37,1
DA:38,1
DA:39,1
DA:40,1
DA:41,1
DA:42,1
DA:44,1
DA:45,1
DA:46,1
DA:47,1
DA:48,1
DA:49,1
DA:50,1
DA:51,1
DA:53,1
DA:54,1
DA:55,1
DA:56,1
DA:58,1
DA:60,1
DA:61,1
DA:62,1
DA:65,1
DA:66,1
DA:67,1
DA:68,1
DA:69,1
DA:70,1
DA:71,1
DA:72,1
DA:73,1
DA:74,1
DA:75,1
DA:76,1
DA:77,1
DA:78,1
LF:59
LH:53
end_of_record
TN:
SF:/Users/Niall/Training/DesignPatterns/C++11/dp11-303/dp11-303-exercises/solutions/exercise-5/src/Pipe.h
FN:11,_ZN4PipeD2Ev
FN:11,_ZN4PipeD1Ev
FN:14,_ZN4PipeC2Ev
FN:14,_ZN4PipeC1Ev
FNDA:11,_ZN4PipeD2Ev
FNDA:11,_ZN4PipeD1Ev
FNDA:11,_ZN4PipeC2Ev
FNDA:11,_ZN4PipeC1Ev
FNF:4
FNH:4
DA:11,11
DA:14,11
DA:20,176
DA:21,11
DA:22,11
LF:5
LH:5
end_of_record
TN:
SF:/Users/Niall/Training/DesignPatterns/C++11/dp11-303/dp11-303-exercises/solutions/exercise-5/src/main.cpp
FN:11,main
FNDA:0,main
FNF:1
FNH:0
DA:11,0
DA:13,0
DA:14,0
DA:15,0
DA:16,0
DA:18,0
DA:20,0
DA:22,0
DA:24,0
DA:25,0
DA:27,0
DA:29,0
LF:12
LH:0
end_of_record
